<?xml version="1.0" encoding="UTF-8"?>
<testng-results ignored="0" total="1" passed="1" failed="0" skipped="0">
  <reporter-output>
  </reporter-output>
  <suite started-at="2023-04-01T17:28:15 IST" name="Default suite" finished-at="2023-04-01T17:29:17 IST" duration-ms="61664">
    <groups>
    </groups>
    <test started-at="2023-04-01T17:28:15 IST" name="Default test" finished-at="2023-04-01T17:29:17 IST" duration-ms="61664">
      <class name="PracticeTest.SampleTest">
        <test-method signature="SampleTestScript()[pri:0, instance:PracticeTest.SampleTest@53976f5c]" started-at="2023-04-01T17:28:15 IST" name="SampleTestScript" finished-at="2023-04-01T17:29:17 IST" duration-ms="61592" status="PASS">
          <reporter-output>
          </reporter-output>
        </test-method> <!-- SampleTestScript -->
      </class> <!-- PracticeTest.SampleTest -->
    </test> <!-- Default test -->
  </suite> <!-- Default suite -->
</testng-results>
